[2025-02-08 11:39:01] Preparing to send email to recipient: bilal.shehroz420@gmail.com
[2025-02-08 11:39:01] Attempting to send email with subject: Welcome, bilal.shehroz420@gmail.com!
[2025-02-08 11:39:04] Email successfully sent with subject: Welcome, bilal.shehroz420@gmail.com! to: bilal.shehroz420@gmail.com
[2025-02-08 11:43:36] Preparing to send email to recipient: bilal.shehroz420@gmail.com
[2025-02-08 11:43:36] Attempting to send email with subject: Welcome, bilal.shehroz420@gmail.com!
[2025-02-08 11:43:39] Email successfully sent with subject: Welcome, bilal.shehroz420@gmail.com! to: bilal.shehroz420@gmail.com
[2025-02-08 11:48:21] Preparing to send email to recipient: bilal.shehroz420@gmail.com
[2025-02-08 11:48:21] Attempting to send email with subject: Welcome, bilal.shehroz420@gmail.com!
[2025-02-08 11:48:24] Email successfully sent with subject: Welcome, bilal.shehroz420@gmail.com! to: bilal.shehroz420@gmail.com
[2025-02-08 11:58:35] Preparing to send email to recipient: bilal.shehroz420@gmail.com
[2025-02-08 11:58:35] Attempting to send email with subject: Welcome, bilal.shehroz4210@gmail.com!
[2025-02-08 11:58:38] Email successfully sent with subject: Welcome, bilal.shehroz4210@gmail.com! to: bilal.shehroz420@gmail.com
[2025-02-08 16:52:17] Preparing to send email to recipient: V1cxc2MxbFhkM1ZqTW1oc1lVaEtkbVZxVVhsTlJVSnVZbGRHY0dKRE5XcGlNakE5
[2025-02-08 16:52:17] Attempting to send email with subject: Your Classified Has Been Posted
[2025-02-08 16:52:17] Mailer Error: You must provide at least one recipient email address.
[2025-02-08 16:55:09] Preparing to send email to recipient: bilal.shehroz420@gmail.com
[2025-02-08 16:55:09] Attempting to send email with subject: Your Classified Has Been Posted
[2025-02-08 16:55:12] Email successfully sent with subject: Your Classified Has Been Posted to: bilal.shehroz420@gmail.com
[2025-02-08 16:55:49] Preparing to send email to recipient: bilal.shehroz420@gmail.com
[2025-02-08 16:55:49] Attempting to send email with subject: Your Classified Has Been Posted
[2025-02-08 16:55:52] Email successfully sent with subject: Your Classified Has Been Posted to: bilal.shehroz420@gmail.com
[2025-02-08 16:57:19] Preparing to send email to recipient: bilal.shehroz420@gmail.com
[2025-02-08 16:57:19] Attempting to send email with subject: Your Classified Has Been Posted
[2025-02-08 16:57:22] Email successfully sent with subject: Your Classified Has Been Posted to: bilal.shehroz420@gmail.com
[2025-02-08 18:54:21] Preparing to send email to recipient: bilal.shehroz420@gmail.com
[2025-02-08 18:54:21] Attempting to send email with subject: Email Verification
[2025-02-08 18:54:24] Email successfully sent with subject: Email Verification to: bilal.shehroz420@gmail.com
[2025-02-08 18:55:11] Preparing to send email to recipient: bilal.shehroz420@gmail.com
[2025-02-08 18:55:11] Attempting to send email with subject: Email Verification
[2025-02-08 18:55:14] Email successfully sent with subject: Email Verification to: bilal.shehroz420@gmail.com
[2025-02-08 18:55:54] Preparing to send email to recipient: bilal.shehroz420@gmail.com
[2025-02-08 18:55:54] Attempting to send email with subject: Email Verification
[2025-02-08 18:55:57] Email successfully sent with subject: Email Verification to: bilal.shehroz420@gmail.com
[2025-02-08 18:56:32] Preparing to send email to recipient: bilal.shehroz420@gmail.com
[2025-02-08 18:56:32] Attempting to send email with subject: Email Verification
[2025-02-08 18:56:35] Email successfully sent with subject: Email Verification to: bilal.shehroz420@gmail.com
[2025-02-08 18:56:47] Preparing to send email to recipient: bilal.shehroz420@gmail.com
[2025-02-08 18:56:47] Attempting to send email with subject: Email Verification
[2025-02-08 18:56:50] Email successfully sent with subject: Email Verification to: bilal.shehroz420@gmail.com
[2025-02-08 19:03:58] Preparing to send email to recipient: bilal.shehroz420@gmail.com
[2025-02-08 19:03:58] Attempting to send email with subject: Reset Your Password
[2025-02-08 19:04:01] Email successfully sent with subject: Reset Your Password to: bilal.shehroz420@gmail.com
[2025-02-08 19:05:10] Preparing to send email to recipient: bilal.shehroz420@gmail.com
[2025-02-08 19:05:10] Attempting to send email with subject: Reset Your Password
[2025-02-08 19:05:13] Email successfully sent with subject: Reset Your Password to: bilal.shehroz420@gmail.com
[2025-02-08 19:15:37] Preparing to send email to recipient: bilal.shehroz420@gmail.com
[2025-02-08 19:15:37] Attempting to send email with subject: Reset Your Password
[2025-02-08 19:15:39] Email successfully sent with subject: Reset Your Password to: bilal.shehroz420@gmail.com
[2025-02-08 19:16:45] Preparing to send email to recipient: bilal.shehroz420@gmail.com
[2025-02-08 19:16:45] Attempting to send email with subject: Reset Your Password
[2025-02-08 19:16:48] Email successfully sent with subject: Reset Your Password to: bilal.shehroz420@gmail.com
[2025-02-08 19:19:38] Preparing to send email to recipient: bilal.shehroz420@gmail.com
[2025-02-08 19:19:38] Attempting to send email with subject: Reset Your Password
[2025-02-08 19:19:41] Email successfully sent with subject: Reset Your Password to: bilal.shehroz420@gmail.com
[2025-02-08 19:21:46] Preparing to send email to recipient: bilal.shehroz420@gmail.com
[2025-02-08 19:21:46] Attempting to send email with subject: Reset Your Password
[2025-02-08 19:21:51] Email successfully sent with subject: Reset Your Password to: bilal.shehroz420@gmail.com
[2025-02-08 19:23:05] Preparing to send email to recipient: bilal.shehroz420@gmail.com
[2025-02-08 19:23:05] Attempting to send email with subject: Reset Your Password
[2025-02-08 19:23:15] Email successfully sent with subject: Reset Your Password to: bilal.shehroz420@gmail.com
[2025-02-08 21:20:42] Preparing to send email to recipient: fennce@example.com
[2025-02-08 21:20:42] Attempting to send email with subject: New Signup Awaiting Approval
[2025-02-08 21:20:45] Email successfully sent with subject: New Signup Awaiting Approval to: fennce@example.com
[2025-02-08 21:39:10] Preparing to send email to recipient: fennce@example.com
[2025-02-08 21:39:10] Attempting to send email with subject: New Signup Awaiting Approval
[2025-02-08 21:39:13] Email successfully sent with subject: New Signup Awaiting Approval to: fennce@example.com
[2025-02-08 21:41:50] Preparing to send email to recipient: learningapp646@gmail.com
[2025-02-08 21:41:50] Attempting to send email with subject: New Signup Awaiting Approval
[2025-02-08 21:41:53] Email successfully sent with subject: New Signup Awaiting Approval to: learningapp646@gmail.com
[2025-02-08 21:48:26] Preparing to send email to recipient: learningapp646@gmail.com
[2025-02-08 21:48:26] Attempting to send email with subject: New Signup Awaiting Approval
[2025-02-08 21:48:29] Email successfully sent with subject: New Signup Awaiting Approval to: learningapp646@gmail.com
[2025-02-08 21:48:29] Registration notice: User 'bilal.shehroz420@gmail.com' registered and awaits admin approval. Notification sent to admin (learningapp646@gmail.com). IP: ::1
[2025-02-08 21:48:29] Registration success: User 'bilal.shehroz420@gmail.com' registered successfully (auto-verified). IP: ::1
