[2025-02-04 22:55:59] Delete user request received.
[2025-02-04 22:55:59] Encrypted ID received: VDBSTlBRPT0=
[2025-02-04 22:55:59] Decrypted user ID: 83
[2025-02-04 22:55:59] User with ID 83 deleted successfully.
[2025-02-04 22:59:21] Delete user request received.
[2025-02-04 22:59:21] Encrypted ID received: VDBSTlBRPT0=
[2025-02-04 22:59:21] Decrypted user ID: 83
[2025-02-04 22:59:21] User with ID 83 deleted successfully.
[2025-02-04 23:09:39] Delete user request received.
[2025-02-04 23:09:39] Encrypted ID received: VDBSTlBRPT0=
[2025-02-04 23:09:39] Decrypted user ID: 83
[2025-02-04 23:09:39] User with ID 83 deleted successfully.
[2025-02-04 23:09:48] Delete user request received.
[2025-02-04 23:09:48] Encrypted ID received: VDBSTlBRPT0=
[2025-02-04 23:09:48] Decrypted user ID: 83
[2025-02-04 23:09:48] User with ID 83 deleted successfully.
[2025-02-04 23:09:58] Delete user request received.
[2025-02-04 23:09:58] Encrypted ID received: VG1wTlBRPT0=
[2025-02-04 23:09:58] Decrypted user ID: 63
[2025-02-04 23:09:58] User with ID 63 deleted successfully.
[2025-02-04 23:10:06] Delete user request received.
[2025-02-04 23:10:06] Encrypted ID received: VG1wVlBRPT0=
[2025-02-04 23:10:06] Decrypted user ID: 65
[2025-02-04 23:10:06] User with ID 65 deleted successfully.
[2025-02-04 23:10:17] Delete user request received.
[2025-02-04 23:10:17] Encrypted ID received: VG5walBRPT0=
[2025-02-04 23:10:17] Decrypted user ID: 77
[2025-02-04 23:10:17] User with ID 77 deleted successfully.
[2025-02-04 23:10:31] Delete user request received.
[2025-02-04 23:10:31] Encrypted ID received: VG5wWlBRPT0=
[2025-02-04 23:10:31] Decrypted user ID: 76
[2025-02-04 23:10:31] User with ID 76 deleted successfully.
